Using pre-set license
Built from '2022.3/release' branch; Version is '2022.3.20f1 (61c2feb0970d) revision 6406910'; Using compiler version '192829333'; Build Type 'Release'
OS: 'Windows 11  (10.0.26100) 64bit Professional' Language: 'pt' Physical Memory: 16221 MB
BatchMode: 1, IsHumanControllingUs: 0, StartBugReporterOnCrash: 0, Is64bit: 1, IsPro: 1

COMMAND LINE ARGUMENTS:
C:\Program Files\Unity\Hub\Editor\2022.3.20f1\Editor\Unity.exe
-adb2
-batchMode
-noUpm
-name
AssetImportWorker1
-projectPath
D:/projeto Interantar/RotaDoPlastico1.2/RotaDoPlastico
-logFile
Logs/AssetImportWorker1.log
-srvPort
59655
Successfully changed project path to: D:/projeto Interantar/RotaDoPlastico1.2/RotaDoPlastico
D:/projeto Interantar/RotaDoPlastico1.2/RotaDoPlastico
[UnityMemory] Configuration Parameters - Can be set up in boot.config
    "memorysetup-bucket-allocator-granularity=16"
    "memorysetup-bucket-allocator-bucket-count=8"
    "memorysetup-bucket-allocator-block-size=33554432"
    "memorysetup-bucket-allocator-block-count=8"
    "memorysetup-main-allocator-block-size=16777216"
    "memorysetup-thread-allocator-block-size=16777216"
    "memorysetup-gfx-main-allocator-block-size=16777216"
    "memorysetup-gfx-thread-allocator-block-size=16777216"
    "memorysetup-cache-allocator-block-size=4194304"
    "memorysetup-typetree-allocator-block-size=2097152"
    "memorysetup-profiler-bucket-allocator-granularity=16"
    "memorysetup-profiler-bucket-allocator-bucket-count=8"
    "memorysetup-profiler-bucket-allocator-block-size=33554432"
    "memorysetup-profiler-bucket-allocator-block-count=8"
    "memorysetup-profiler-allocator-block-size=16777216"
    "memorysetup-profiler-editor-allocator-block-size=1048576"
    "memorysetup-temp-allocator-size-main=16777216"
    "memorysetup-job-temp-allocator-block-size=2097152"
    "memorysetup-job-temp-allocator-block-size-background=1048576"
    "memorysetup-job-temp-allocator-reduction-small-platforms=262144"
    "memorysetup-allocator-temp-initial-block-size-main=262144"
    "memorysetup-allocator-temp-initial-block-size-worker=262144"
    "memorysetup-temp-allocator-size-background-worker=32768"
    "memorysetup-temp-allocator-size-job-worker=262144"
    "memorysetup-temp-allocator-size-preload-manager=33554432"
    "memorysetup-temp-allocator-size-nav-mesh-worker=65536"
    "memorysetup-temp-allocator-size-audio-worker=65536"
    "memorysetup-temp-allocator-size-cloud-worker=32768"
    "memorysetup-temp-allocator-size-gi-baking-worker=262144"
    "memorysetup-temp-allocator-size-gfx=262144"
Player connection [16108] Host "[IP] 192.168.15.2 [Port] 0 [Flags] 2 [Guid] 1977830689 [EditorId] 1977830689 [Version] 1048832 [Id] WindowsEditor(7,Luiz) [Debug] 1 [PackageName] WindowsEditor [ProjectName] Editor" joined multi-casting on [225.0.0.222:54997]...

Player connection [16108] Host "[IP] 192.168.15.2 [Port] 0 [Flags] 2 [Guid] 1977830689 [EditorId] 1977830689 [Version] 1048832 [Id] WindowsEditor(7,Luiz) [Debug] 1 [PackageName] WindowsEditor [ProjectName] Editor" joined alternative multi-casting on [225.0.0.222:34997]...

[Physics::Module] Initialized MultithreadedJobDispatcher with 7 workers.
Refreshing native plugins compatible for Editor in 18.27 ms, found 4 plugins.
Preloading 0 native plugins for Editor in 0.00 ms.
Initialize engine version: 2022.3.20f1 (61c2feb0970d)
[Subsystems] Discovering subsystems at path C:/Program Files/Unity/Hub/Editor/2022.3.20f1/Editor/Data/Resources/UnitySubsystems
[Subsystems] Discovering subsystems at path D:/projeto Interantar/RotaDoPlastico1.2/RotaDoPlastico/Assets
GfxDevice: creating device client; threaded=0; jobified=0
Direct3D:
    Version:  Direct3D 11.0 [level 11.1]
    Renderer: NVIDIA GeForce GTX 1650 (ID=0x1f91)
    Vendor:   NVIDIA
    VRAM:     3935 MB
    Driver:   32.0.15.6109
Initialize mono
Mono path[0] = 'C:/Program Files/Unity/Hub/Editor/2022.3.20f1/Editor/Data/Managed'
Mono path[1] = 'C:/Program Files/Unity/Hub/Editor/2022.3.20f1/Editor/Data/MonoBleedingEdge/lib/mono/unityjit-win32'
Mono config path = 'C:/Program Files/Unity/Hub/Editor/2022.3.20f1/Editor/Data/MonoBleedingEdge/etc'
Using monoOptions --debugger-agent=transport=dt_socket,embedding=1,server=y,suspend=n,address=127.0.0.1:56912
Begin MonoManager ReloadAssembly
Registering precompiled unity dll's ...
Register platform support module: C:/Program Files/Unity/Hub/Editor/2022.3.20f1/Editor/Data/PlaybackEngines/WebGLSupport/UnityEditor.WebGL.Extensions.dll
Register platform support module: C:/Program Files/Unity/Hub/Editor/2022.3.20f1/Editor/Data/PlaybackEngines/AndroidPlayer/UnityEditor.Android.Extensions.dll
Register platform support module: C:/Program Files/Unity/Hub/Editor/2022.3.20f1/Editor/Data/PlaybackEngines/WindowsStandaloneSupport/UnityEditor.WindowsStandalone.Extensions.dll
Registered in 0.021740 seconds.
- Loaded All Assemblies, in  0.698 seconds
Native extension for WindowsStandalone target not found
Native extension for Android target not found
Android Extension - Scanning For ADB Devices 394 ms
Native extension for WebGL target not found
Mono: successfully reloaded assembly
- Finished resetting the current domain, in  0.892 seconds
Domain Reload Profiling: 1586ms
	BeginReloadAssembly (234ms)
		ExecutionOrderSort (0ms)
		DisableScriptedObjects (0ms)
		BackupInstance (0ms)
		ReleaseScriptingObjects (0ms)
		CreateAndSetChildDomain (1ms)
	RebuildCommonClasses (74ms)
	RebuildNativeTypeToScriptingClass (16ms)
	initialDomainReloadingComplete (117ms)
	LoadAllAssembliesAndSetupDomain (252ms)
		LoadAssemblies (232ms)
		RebuildTransferFunctionScriptingTraits (0ms)
		AnalyzeDomain (247ms)
			TypeCache.Refresh (245ms)
				TypeCache.ScanAssembly (222ms)
			ScanForSourceGeneratedMonoScriptInfo (0ms)
			ResolveRequiredComponents (1ms)
	FinalizeReload (892ms)
		ReleaseScriptCaches (0ms)
		RebuildScriptCaches (0ms)
		SetupLoadedEditorAssemblies (805ms)
			LogAssemblyErrors (0ms)
			InitializePlatformSupportModulesInManaged (552ms)
			SetLoadedEditorAssemblies (5ms)
			RefreshPlugins (0ms)
			BeforeProcessingInitializeOnLoad (3ms)
			ProcessInitializeOnLoadAttributes (173ms)
			ProcessInitializeOnLoadMethodAttributes (73ms)
			AfterProcessingInitializeOnLoad (0ms)
			EditorAssembliesLoaded (0ms)
		ExecutionOrderSort2 (0ms)
		AwakeInstancesAfterBackupRestoration (0ms)
========================================================================
Worker process is ready to serve import requests
Begin MonoManager ReloadAssembly
Symbol file data-000002150F024790 doesn't match image D:\projeto Interantar\RotaDoPlastico1.2\RotaDoPlastico\Library\ScriptAssemblies\Unity.Notifications.dll
Symbol file LoadedFromMemory is not a mono symbol file
Symbol file data-000002150F02A1A0 doesn't match image D:\projeto Interantar\RotaDoPlastico1.2\RotaDoPlastico\Library\ScriptAssemblies\Unity.2D.IK.Runtime.dll
Symbol file LoadedFromMemory is not a mono symbol file
Symbol file data-000002150FB43010 doesn't match image D:\projeto Interantar\RotaDoPlastico1.2\RotaDoPlastico\Library\ScriptAssemblies\Unity.RenderPipelines.Core.Runtime.dll
Symbol file LoadedFromMemory is not a mono symbol file
Symbol file data-000002150FB7DE20 doesn't match image D:\projeto Interantar\RotaDoPlastico1.2\RotaDoPlastico\Library\ScriptAssemblies\com.unity.cinemachine.editor.dll
Symbol file LoadedFromMemory is not a mono symbol file
Symbol file data-000002150F02A1A0 doesn't match image D:\projeto Interantar\RotaDoPlastico1.2\RotaDoPlastico\Library\ScriptAssemblies\Unity.Burst.Editor.dll
Symbol file LoadedFromMemory is not a mono symbol file
Symbol file data-000002150F03F9B0 doesn't match image D:\projeto Interantar\RotaDoPlastico1.2\RotaDoPlastico\Library\ScriptAssemblies\Unity.2D.Common.Path.Editor.dll
Symbol file LoadedFromMemory is not a mono symbol file
Symbol file data-000002150FB8F130 doesn't match image D:\projeto Interantar\RotaDoPlastico1.2\RotaDoPlastico\Library\ScriptAssemblies\Unity.AdaptivePerformance.Simulator.Extension.dll
Symbol file LoadedFromMemory is not a mono symbol file
Symbol file data-000002150FB8F130 doesn't match image D:\projeto Interantar\RotaDoPlastico1.2\RotaDoPlastico\Library\ScriptAssemblies\Unity.2D.PixelPerfect.Editor.dll
Symbol file LoadedFromMemory is not a mono symbol file
Symbol file data-000002150F89B010 doesn't match image D:\projeto Interantar\RotaDoPlastico1.2\RotaDoPlastico\Library\ScriptAssemblies\Unity.Rider.Editor.dll
Symbol file LoadedFromMemory is not a mono symbol file
Symbol file data-000002150F0521C0 doesn't match image D:\projeto Interantar\RotaDoPlastico1.2\RotaDoPlastico\Library\ScriptAssemblies\Unity.AdaptivePerformance.Simulator.Editor.dll
Symbol file LoadedFromMemory is not a mono symbol file
Symbol file data-000002150F89B010 doesn't match image D:\projeto Interantar\RotaDoPlastico1.2\RotaDoPlastico\Library\ScriptAssemblies\Unity.2D.Aseprite.Common.dll
Symbol file LoadedFromMemory is not a mono symbol file
Symbol file data-000002150F8C8620 doesn't match image D:\projeto Interantar\RotaDoPlastico1.2\RotaDoPlastico\Library\ScriptAssemblies\Unity.2D.Sprite.Editor.dll
Symbol file LoadedFromMemory is not a mono symbol file
Symbol file data-000002150F943020 doesn't match image D:\projeto Interantar\RotaDoPlastico1.2\RotaDoPlastico\Library\ScriptAssemblies\Unity.RenderPipelines.Core.Editor.dll
Symbol file LoadedFromMemory is not a mono symbol file
Symbol file data-0000021510654620 doesn't match image D:\projeto Interantar\RotaDoPlastico1.2\RotaDoPlastico\Library\ScriptAssemblies\Unity.VisualScripting.Flow.dll
Symbol file LoadedFromMemory is not a mono symbol file
Symbol file data-000002150F993A40 doesn't match image D:\projeto Interantar\RotaDoPlastico1.2\RotaDoPlastico\Library\ScriptAssemblies\Unity.Mathematics.Editor.dll
Symbol file LoadedFromMemory is not a mono symbol file
Symbol file data-000002150F993A40 doesn't match image D:\projeto Interantar\RotaDoPlastico1.2\RotaDoPlastico\Library\ScriptAssemblies\Unity.2D.Tilemap.Extras.Editor.dll
Symbol file LoadedFromMemory is not a mono symbol file
Symbol file data-000002150F993A40 doesn't match image D:\projeto Interantar\RotaDoPlastico1.2\RotaDoPlastico\Library\ScriptAssemblies\Unity.RenderPipelines.Core.ShaderLibrary.dll
Symbol file LoadedFromMemory is not a mono symbol file
Symbol file data-000002150EF0BC40 doesn't match image D:\projeto Interantar\RotaDoPlastico1.2\RotaDoPlastico\Library\ScriptAssemblies\Unity.Collections.dll
Symbol file LoadedFromMemory is not a mono symbol file
Symbol file data-000002150EF0BC40 doesn't match image D:\projeto Interantar\RotaDoPlastico1.2\RotaDoPlastico\Library\ScriptAssemblies\Unity.2D.SpriteShape.Runtime.dll
Symbol file LoadedFromMemory is not a mono symbol file
Symbol file data-000002151067F040 doesn't match image D:\projeto Interantar\RotaDoPlastico1.2\RotaDoPlastico\Library\ScriptAssemblies\Unity.2D.PixelPerfect.dll
Symbol file LoadedFromMemory is not a mono symbol file
Symbol file data-0000021510450080 doesn't match image D:\projeto Interantar\RotaDoPlastico1.2\RotaDoPlastico\Library\ScriptAssemblies\Unity.TextMeshPro.dll
Symbol file LoadedFromMemory is not a mono symbol file
Symbol file data-000002150EF6D050 doesn't match image D:\projeto Interantar\RotaDoPlastico1.2\RotaDoPlastico\Library\ScriptAssemblies\Unity.2D.Aseprite.Editor.dll
Symbol file LoadedFromMemory is not a mono symbol file
Symbol file data-000002151047A490 doesn't match image D:\projeto Interantar\RotaDoPlastico1.2\RotaDoPlastico\Library\ScriptAssemblies\Unity.VSCode.Editor.dll
Symbol file LoadedFromMemory is not a mono symbol file
Symbol file data-000002151047A490 doesn't match image D:\projeto Interantar\RotaDoPlastico1.2\RotaDoPlastico\Library\ScriptAssemblies\Unity.Notifications.Unified.dll
Symbol file LoadedFromMemory is not a mono symbol file
Symbol file data-000002151047A490 doesn't match image D:\projeto Interantar\RotaDoPlastico1.2\RotaDoPlastico\Library\ScriptAssemblies\Unity.Profiling.Core.dll
Symbol file LoadedFromMemory is not a mono symbol file
Symbol file data-000002150F8EAE70 doesn't match image D:\projeto Interantar\RotaDoPlastico1.2\RotaDoPlastico\Library\ScriptAssemblies\Unity.RenderPipelines.ShaderGraph.ShaderGraphLibrary.dll
Symbol file LoadedFromMemory is not a mono symbol file
Symbol file data-0000021510491AB0 doesn't match image D:\projeto Interantar\RotaDoPlastico1.2\RotaDoPlastico\Library\ScriptAssemblies\Unity.AdaptivePerformance.Samsung.Android.dll
Symbol file LoadedFromMemory is not a mono symbol file
Symbol file data-00000215104A6EC0 doesn't match image D:\projeto Interantar\RotaDoPlastico1.2\RotaDoPlastico\Library\ScriptAssemblies\PsdPlugin.dll
Symbol file LoadedFromMemory is not a mono symbol file
Symbol file data-00000215109B3040 doesn't match image D:\projeto Interantar\RotaDoPlastico1.2\RotaDoPlastico\Library\ScriptAssemblies\Unity.PlasticSCM.Editor.dll
Symbol file LoadedFromMemory is not a mono symbol file
Symbol file data-00000215104A6EC0 doesn't match image D:\projeto Interantar\RotaDoPlastico1.2\RotaDoPlastico\Library\ScriptAssemblies\Unity.Burst.dll
Symbol file LoadedFromMemory is not a mono symbol file
Symbol file data-00000215104A6EC0 doesn't match image D:\projeto Interantar\RotaDoPlastico1.2\RotaDoPlastico\Library\ScriptAssemblies\Unity.Collections.BurstCompatibilityGen.dll
Symbol file LoadedFromMemory is not a mono symbol file
Symbol file data-0000021510F8B030 doesn't match image D:\projeto Interantar\RotaDoPlastico1.2\RotaDoPlastico\Library\ScriptAssemblies\Unity.Timeline.Editor.dll
Symbol file LoadedFromMemory is not a mono symbol file
Symbol file data-00000215104A6EC0 doesn't match image D:\projeto Interantar\RotaDoPlastico1.2\RotaDoPlastico\Library\ScriptAssemblies\Unity.VisualScripting.Shared.Editor.dll
Symbol file LoadedFromMemory is not a mono symbol file
Symbol file data-00000214CB476BB0 doesn't match image D:\projeto Interantar\RotaDoPlastico1.2\RotaDoPlastico\Library\ScriptAssemblies\Unity.ShaderGraph.Editor.dll
Symbol file LoadedFromMemory is not a mono symbol file
Symbol file data-0000021510A08C50 doesn't match image D:\projeto Interantar\RotaDoPlastico1.2\RotaDoPlastico\Library\ScriptAssemblies\Unity.AdaptivePerformance.dll
Symbol file LoadedFromMemory is not a mono symbol file
Symbol file data-00000215104A6EC0 doesn't match image D:\projeto Interantar\RotaDoPlastico1.2\RotaDoPlastico\Library\ScriptAssemblies\Unity.AdaptivePerformance.Simulator.VRR.Extension.dll
Symbol file LoadedFromMemory is not a mono symbol file
Symbol file data-000002150F8EAE70 doesn't match image D:\projeto Interantar\RotaDoPlastico1.2\RotaDoPlastico\Library\ScriptAssemblies\Unity.CollabProxy.Editor.dll
Symbol file LoadedFromMemory is not a mono symbol file
Symbol file data-0000021510F8B030 doesn't match image D:\projeto Interantar\RotaDoPlastico1.2\RotaDoPlastico\Library\ScriptAssemblies\Unity.VisualStudio.Editor.dll
Symbol file LoadedFromMemory is not a mono symbol file
Symbol file data-0000021510A2A660 doesn't match image D:\projeto Interantar\RotaDoPlastico1.2\RotaDoPlastico\Library\ScriptAssemblies\Unity.Notifications.iOS.dll
Symbol file LoadedFromMemory is not a mono symbol file
Symbol file data-0000021510A2A660 doesn't match image D:\projeto Interantar\RotaDoPlastico1.2\RotaDoPlastico\Library\ScriptAssemblies\UnityEditor.UI.dll
Symbol file LoadedFromMemory is not a mono symbol file
Symbol file data-00000214CB50F9C0 doesn't match image D:\projeto Interantar\RotaDoPlastico1.2\RotaDoPlastico\Library\ScriptAssemblies\Unity.VisualScripting.Core.dll
Symbol file LoadedFromMemory is not a mono symbol file
Symbol file data-0000021510A2A660 doesn't match image D:\projeto Interantar\RotaDoPlastico1.2\RotaDoPlastico\Library\ScriptAssemblies\Unity.2D.Animation.Runtime.dll
Symbol file LoadedFromMemory is not a mono symbol file
Symbol file data-00000215104A6EC0 doesn't match image D:\projeto Interantar\RotaDoPlastico1.2\RotaDoPlastico\Library\ScriptAssemblies\Unity.Collections.DocCodeSamples.dll
Symbol file LoadedFromMemory is not a mono symbol file
Symbol file data-0000021510FA2E40 doesn't match image D:\projeto Interantar\RotaDoPlastico1.2\RotaDoPlastico\Library\ScriptAssemblies\Unity.VisualScripting.Core.Editor.dll
Symbol file LoadedFromMemory is not a mono symbol file
Symbol file data-00000215104A6EC0 doesn't match image D:\projeto Interantar\RotaDoPlastico1.2\RotaDoPlastico\Library\ScriptAssemblies\Unity.AdaptivePerformance.Samsung.Android.Editor.dll
Symbol file LoadedFromMemory is not a mono symbol file
Symbol file data-00000215104A6EC0 doesn't match image D:\projeto Interantar\RotaDoPlastico1.2\RotaDoPlastico\Library\ScriptAssemblies\Unity.AdaptivePerformance.Profiler.Editor.dll
Symbol file LoadedFromMemory is not a mono symbol file
Symbol file data-00000215104C7550 doesn't match image D:\projeto Interantar\RotaDoPlastico1.2\RotaDoPlastico\Library\ScriptAssemblies\Unity.2D.Tilemap.Extras.dll
Symbol file LoadedFromMemory is not a mono symbol file
Symbol file data-0000021510FA2E40 doesn't match image D:\projeto Interantar\RotaDoPlastico1.2\RotaDoPlastico\Library\ScriptAssemblies\UnityEngine.UI.dll
Symbol file LoadedFromMemory is not a mono symbol file
Symbol file data-00000215104A6EC0 doesn't match image D:\projeto Interantar\RotaDoPlastico1.2\RotaDoPlastico\Library\ScriptAssemblies\Unity.AdaptivePerformance.UI.Editor.dll
Symbol file LoadedFromMemory is not a mono symbol file
Symbol file data-000002150F126FB0 doesn't match image D:\projeto Interantar\RotaDoPlastico1.2\RotaDoPlastico\Library\ScriptAssemblies\Unity.VisualScripting.Flow.Editor.dll
Symbol file LoadedFromMemory is not a mono symbol file
Symbol file data-00000215104A6EC0 doesn't match image D:\projeto Interantar\RotaDoPlastico1.2\RotaDoPlastico\Library\ScriptAssemblies\Unity.InternalAPIEngineBridge.001.dll
Symbol file LoadedFromMemory is not a mono symbol file
Symbol file data-00000215104C7550 doesn't match image D:\projeto Interantar\RotaDoPlastico1.2\RotaDoPlastico\Library\ScriptAssemblies\Unity.InternalAPIEditorBridge.005.dll
Symbol file LoadedFromMemory is not a mono symbol file
Symbol file data-0000021510FF5E50 doesn't match image D:\projeto Interantar\RotaDoPlastico1.2\RotaDoPlastico\Library\ScriptAssemblies\Unity.2D.Common.Runtime.dll
Symbol file LoadedFromMemory is not a mono symbol file
Symbol file data-0000021510FF5E50 doesn't match image D:\projeto Interantar\RotaDoPlastico1.2\RotaDoPlastico\Library\ScriptAssemblies\Unity.Timeline.dll
Symbol file LoadedFromMemory is not a mono symbol file
Symbol file data-0000021510FFA660 doesn't match image D:\projeto Interantar\RotaDoPlastico1.2\RotaDoPlastico\Library\ScriptAssemblies\Unity.VisualScripting.SettingsProvider.Editor.dll
Symbol file LoadedFromMemory is not a mono symbol file
Symbol file data-0000021510FFEC70 doesn't match image D:\projeto Interantar\RotaDoPlastico1.2\RotaDoPlastico\Library\ScriptAssemblies\Unity.InternalAPIEditorBridge.001.dll
Symbol file LoadedFromMemory is not a mono symbol file
Symbol file data-000002150F1719D0 doesn't match image D:\projeto Interantar\RotaDoPlastico1.2\RotaDoPlastico\Library\ScriptAssemblies\Unity.2D.Psdimporter.Editor.dll
Symbol file LoadedFromMemory is not a mono symbol file
Symbol file data-000002150F1AF5E0 doesn't match image D:\projeto Interantar\RotaDoPlastico1.2\RotaDoPlastico\Library\ScriptAssemblies\Unity.Mobile.AndroidLogcat.Editor.dll
Symbol file LoadedFromMemory is not a mono symbol file
Symbol file data-000002150F1C7DF0 doesn't match image D:\projeto Interantar\RotaDoPlastico1.2\RotaDoPlastico\Library\ScriptAssemblies\Unity.VisualScripting.State.Editor.dll
Symbol file LoadedFromMemory is not a mono symbol file
Symbol file data-00000214CB158820 doesn't match image D:\projeto Interantar\RotaDoPlastico1.2\RotaDoPlastico\Library\ScriptAssemblies\Unity.Mathematics.dll
Symbol file LoadedFromMemory is not a mono symbol file
Symbol file data-00000214CB158820 doesn't match image D:\projeto Interantar\RotaDoPlastico1.2\RotaDoPlastico\Library\ScriptAssemblies\Unity.2D.Common.Editor.dll
Symbol file LoadedFromMemory is not a mono symbol file
Symbol file data-00000214CB191230 doesn't match image D:\projeto Interantar\RotaDoPlastico1.2\RotaDoPlastico\Library\ScriptAssemblies\Unity.TextMeshPro.Editor.dll
Symbol file LoadedFromMemory is not a mono symbol file
Symbol file data-00000214CB19B440 doesn't match image D:\projeto Interantar\RotaDoPlastico1.2\RotaDoPlastico\Library\ScriptAssemblies\Unity.Searcher.Editor.dll
Symbol file LoadedFromMemory is not a mono symbol file
Symbol file data-00000214CB19B440 doesn't match image D:\projeto Interantar\RotaDoPlastico1.2\RotaDoPlastico\Library\ScriptAssemblies\Unity.AdaptivePerformance.Editor.dll
Symbol file LoadedFromMemory is not a mono symbol file
Symbol file data-0000021510734E20 doesn't match image D:\projeto Interantar\RotaDoPlastico1.2\RotaDoPlastico\Library\ScriptAssemblies\Unity.VisualScripting.State.dll
Symbol file LoadedFromMemory is not a mono symbol file
Symbol file data-0000021510780830 doesn't match image D:\projeto Interantar\RotaDoPlastico1.2\RotaDoPlastico\Library\ScriptAssemblies\Cinemachine.dll
Symbol file LoadedFromMemory is not a mono symbol file
Symbol file data-000002151078AA40 doesn't match image D:\projeto Interantar\RotaDoPlastico1.2\RotaDoPlastico\Library\ScriptAssemblies\Unity.Notifications.Android.dll
Symbol file LoadedFromMemory is not a mono symbol file
Symbol file data-00000215107C3650 doesn't match image D:\projeto Interantar\RotaDoPlastico1.2\RotaDoPlastico\Library\ScriptAssemblies\Unity.2D.Tilemap.Editor.dll
Symbol file LoadedFromMemory is not a mono symbol file
Symbol file data-000002150F22AB00 doesn't match image D:\projeto Interantar\RotaDoPlastico1.2\RotaDoPlastico\Library\ScriptAssemblies\Unity.ShaderGraph.Utilities.dll
Symbol file LoadedFromMemory is not a mono symbol file
Symbol file data-000002150F343040 doesn't match image D:\projeto Interantar\RotaDoPlastico1.2\RotaDoPlastico\Library\ScriptAssemblies\Unity.2D.Animation.Editor.dll
Symbol file LoadedFromMemory is not a mono symbol file
Symbol file data-00000215107D9660 doesn't match image D:\projeto Interantar\RotaDoPlastico1.2\RotaDoPlastico\Library\ScriptAssemblies\Unity.2D.SpriteShape.Editor.dll
Symbol file LoadedFromMemory is not a mono symbol file
Symbol file data-000002150F343040 doesn't match image D:\projeto Interantar\RotaDoPlastico1.2\RotaDoPlastico\Library\ScriptAssemblies\Unity.2D.IK.Editor.dll
Symbol file LoadedFromMemory is not a mono symbol file
- Loaded All Assemblies, in  1.306 seconds
Refreshing native plugins compatible for Editor in 9.91 ms, found 4 plugins.
Native extension for WindowsStandalone target not found
Native extension for Android target not found
Native extension for WebGL target not found
Package Manager log level set to [2]
[Package Manager] Server::EnsureServerProcessIsRunning -- launch failed, reason: Unity was launched with the -noUpm command-line argument
[Package Manager] UpmClient::Send -- Unable to send message (not connected to UPM process).
[Package Manager] Cannot connect to Unity Package Manager local server
Mono: successfully reloaded assembly
[Package Manager] Server::EnsureServerProcessIsRunning -- launch failed, reason: Unity was launched with the -noUpm command-line argument
[Package Manager] UpmClient::Send -- Unable to send message (not connected to UPM process).
[Package Manager] Cannot connect to Unity Package Manager local server
[Package Manager] Server::EnsureServerProcessIsRunning -- launch failed, reason: Unity was launched with the -noUpm command-line argument
[Package Manager] UpmClient::Send -- Unable to send message (not connected to UPM process).
[Package Manager] Cannot connect to Unity Package Manager local server
- Finished resetting the current domain, in  1.438 seconds
Domain Reload Profiling: 2739ms
	BeginReloadAssembly (253ms)
		ExecutionOrderSort (0ms)
		DisableScriptedObjects (8ms)
		BackupInstance (0ms)
		ReleaseScriptingObjects (0ms)
		CreateAndSetChildDomain (34ms)
	RebuildCommonClasses (60ms)
	RebuildNativeTypeToScriptingClass (17ms)
	initialDomainReloadingComplete (73ms)
	LoadAllAssembliesAndSetupDomain (898ms)
		LoadAssemblies (668ms)
		RebuildTransferFunctionScriptingTraits (0ms)
		AnalyzeDomain (390ms)
			TypeCache.Refresh (319ms)
				TypeCache.ScanAssembly (285ms)
			ScanForSourceGeneratedMonoScriptInfo (59ms)
			ResolveRequiredComponents (10ms)
	FinalizeReload (1439ms)
		ReleaseScriptCaches (0ms)
		RebuildScriptCaches (0ms)
		SetupLoadedEditorAssemblies (1147ms)
			LogAssemblyErrors (0ms)
			InitializePlatformSupportModulesInManaged (36ms)
			SetLoadedEditorAssemblies (6ms)
			RefreshPlugins (0ms)
			BeforeProcessingInitializeOnLoad (116ms)
			ProcessInitializeOnLoadAttributes (850ms)
			ProcessInitializeOnLoadMethodAttributes (125ms)
			AfterProcessingInitializeOnLoad (14ms)
			EditorAssembliesLoaded (0ms)
		ExecutionOrderSort2 (0ms)
		AwakeInstancesAfterBackupRestoration (7ms)
Launched and connected shader compiler UnityShaderCompiler.exe after 0.06 seconds
Refreshing native plugins compatible for Editor in 16.23 ms, found 4 plugins.
Preloading 0 native plugins for Editor in 0.00 ms.
Unloading 5713 Unused Serialized files (Serialized files now loaded: 0)
Unloading 118 unused Assets / (1.2 MB). Loaded Objects now: 6149.
Memory consumption went from 201.5 MB to 200.3 MB.
Total: 9.519000 ms (FindLiveObjects: 0.978600 ms CreateObjectMapping: 0.690600 ms MarkObjects: 7.048900 ms  DeleteObjects: 0.799500 ms)

AssetImportParameters requested are different than current active one (requested -> active):
  custom:container-demuxer-ogg: 62fdf1f143b41e24485cea50d1cbac27 -> 
  custom:video-decoder-ogg-theora: a1e56fd34408186e4bbccfd4996cb3dc -> 
  custom:framework-win-MediaFoundation: 216162199b28c13a410421893ffa2e32 -> 
  custom:CustomObjectIndexerAttribute: 6d391050e5a25f67b0a2c618074f2cd9 -> 
  custom:container-demuxer-webm: 4f35f7cbe854078d1ac9338744f61a02 -> 
  custom:container-muxer-webm: aa71ff27fc2769a1b78a27578f13a17b -> 
  custom:video-decoder-webm-vp8: 9c59270c3fd7afecdb556c50c9e8de78 -> 
  custom:SearchIndexIgnoredProperties: e643bd26f0fe6173181afceb89e7c659 -> 
  custom:AudioImporter_EditorPlatform: d09bf68614088b80899f8185d706f6e7 -> 
  custom:video-encoder-webm-vp8: eb34c28f22e8b96e1ab97ce403110664 -> 
  custom:audio-decoder-ogg-vorbis: bf7c407c2cedff20999df2af8eb42d56 -> 
  custom:audio-encoder-webm-vorbis: bf7c407c2cedff20999df2af8eb42d56 -> 
